<?xml version="1.0" encoding="UTF-8"?>
<testng-results skipped="0" failed="1" ignored="0" total="13" passed="12">
  <reporter-output>
  </reporter-output>
  <suite name="Default suite" duration-ms="47943" started-at="2019-03-08T16:28:52Z" finished-at="2019-03-08T16:29:39Z">
    <groups>
    </groups>
    <test name="Default test" duration-ms="47943" started-at="2019-03-08T16:28:52Z" finished-at="2019-03-08T16:29:39Z">
      <class name="shop_tool_regression_qa.Konami_shop_tool_QA_reg">
        <test-method status="PASS" signature="launchBrowser()[pri:0, instance:shop_tool_regression_qa.Konami_shop_tool_QA_reg@29ee9faa]" name="launchBrowser" is-config="true" duration-ms="5728" started-at="2019-03-08T16:28:46Z" finished-at="2019-03-08T16:28:52Z">
          <reporter-output>
          </reporter-output>
        </test-method> <!-- launchBrowser -->
        <test-method status="PASS" signature="importJSON()[pri:0, instance:shop_tool_regression_qa.Konami_shop_tool_QA_reg@29ee9faa]" name="importJSON" is-config="true" duration-ms="3251" started-at="2019-03-08T16:28:52Z" finished-at="2019-03-08T16:28:55Z">
          <reporter-output>
          </reporter-output>
        </test-method> <!-- importJSON -->
        <test-method status="PASS" signature="verify_message()[pri:1, instance:shop_tool_regression_qa.Konami_shop_tool_QA_reg@29ee9faa]" name="verify_message" duration-ms="19" started-at="2019-03-08T16:28:55Z" finished-at="2019-03-08T16:28:55Z">
          <reporter-output>
          </reporter-output>
        </test-method> <!-- verify_message -->
        <test-method status="PASS" signature="verify_field_present()[pri:2, instance:shop_tool_regression_qa.Konami_shop_tool_QA_reg@29ee9faa]" name="verify_field_present" duration-ms="439" started-at="2019-03-08T16:28:55Z" finished-at="2019-03-08T16:28:55Z">
          <reporter-output>
          </reporter-output>
        </test-method> <!-- verify_field_present -->
        <test-method status="PASS" signature="tests_field_values()[pri:3, instance:shop_tool_regression_qa.Konami_shop_tool_QA_reg@29ee9faa]" name="tests_field_values" duration-ms="7242" started-at="2019-03-08T16:28:55Z" finished-at="2019-03-08T16:29:02Z">
          <reporter-output>
          </reporter-output>
        </test-method> <!-- tests_field_values -->
        <test-method status="PASS" signature="testing_event_start_time()[pri:4, instance:shop_tool_regression_qa.Konami_shop_tool_QA_reg@29ee9faa]" name="testing_event_start_time" duration-ms="4473" started-at="2019-03-08T16:29:02Z" finished-at="2019-03-08T16:29:07Z">
          <reporter-output>
          </reporter-output>
        </test-method> <!-- testing_event_start_time -->
        <test-method status="PASS" signature="testing_Event_End_time()[pri:5, instance:shop_tool_regression_qa.Konami_shop_tool_QA_reg@29ee9faa]" name="testing_Event_End_time" duration-ms="4375" started-at="2019-03-08T16:29:07Z" finished-at="2019-03-08T16:29:11Z">
          <reporter-output>
          </reporter-output>
        </test-method> <!-- testing_Event_End_time -->
        <test-method status="PASS" signature="checking_Platform()[pri:6, instance:shop_tool_regression_qa.Konami_shop_tool_QA_reg@29ee9faa]" name="checking_Platform" duration-ms="1307" started-at="2019-03-08T16:29:11Z" finished-at="2019-03-08T16:29:13Z">
          <reporter-output>
          </reporter-output>
        </test-method> <!-- checking_Platform -->
        <test-method status="PASS" signature="testing_Theme_Start_time()[pri:7, instance:shop_tool_regression_qa.Konami_shop_tool_QA_reg@29ee9faa]" name="testing_Theme_Start_time" duration-ms="2997" started-at="2019-03-08T16:29:13Z" finished-at="2019-03-08T16:29:16Z">
          <reporter-output>
          </reporter-output>
        </test-method> <!-- testing_Theme_Start_time -->
        <test-method status="PASS" signature="testing_Theme_End_time()[pri:8, instance:shop_tool_regression_qa.Konami_shop_tool_QA_reg@29ee9faa]" name="testing_Theme_End_time" duration-ms="2979" started-at="2019-03-08T16:29:16Z" finished-at="2019-03-08T16:29:19Z">
          <reporter-output>
          </reporter-output>
        </test-method> <!-- testing_Theme_End_time -->
        <test-method status="PASS" signature="newEventThemecreate()[pri:9, instance:shop_tool_regression_qa.Konami_shop_tool_QA_reg@29ee9faa]" name="newEventThemecreate" duration-ms="4464" started-at="2019-03-08T16:29:19Z" finished-at="2019-03-08T16:29:23Z">
          <reporter-output>
          </reporter-output>
        </test-method> <!-- newEventThemecreate -->
        <test-method status="PASS" signature="Shops_edit()[pri:10, instance:shop_tool_regression_qa.Konami_shop_tool_QA_reg@29ee9faa]" name="Shops_edit" duration-ms="2823" started-at="2019-03-08T16:29:23Z" finished-at="2019-03-08T16:29:26Z">
          <reporter-output>
          </reporter-output>
        </test-method> <!-- Shops_edit -->
        <test-method status="PASS" signature="editing_Shop_Platform()[pri:11, instance:shop_tool_regression_qa.Konami_shop_tool_QA_reg@29ee9faa]" name="editing_Shop_Platform" duration-ms="3271" started-at="2019-03-08T16:29:26Z" finished-at="2019-03-08T16:29:29Z">
          <reporter-output>
          </reporter-output>
        </test-method> <!-- editing_Shop_Platform -->
        <test-method status="FAIL" signature="Saving_Edited_Event()[pri:12, instance:shop_tool_regression_qa.Konami_shop_tool_QA_reg@29ee9faa]" name="Saving_Edited_Event" duration-ms="10206" started-at="2019-03-08T16:29:29Z" finished-at="2019-03-08T16:29:39Z">
          <exception class="org.openqa.selenium.TimeoutException">
            <message>
              <![CDATA[Expected condition failed: waiting for visibility of element located by By.xpath: //button[@class='mat-raised-button']//span[contains(text(),'Save 1Shop Event')] (tried for 10 second(s) with 500 milliseconds interval)]]>
            </message>
            <full-stacktrace>
              <![CDATA[org.openqa.selenium.TimeoutException: Expected condition failed: waiting for visibility of element located by By.xpath: //button[@class='mat-raised-button']//span[contains(text(),'Save 1Shop Event')] (tried for 10 second(s) with 500 milliseconds interval)
at org.openqa.selenium.support.ui.WebDriverWait.timeoutException(WebDriverWait.java:95)
at org.openqa.selenium.support.ui.FluentWait.until(FluentWait.java:272)
at shop_tool_regression_qa.Konami_shop_tool_QA_reg.Saving_Edited_Event(Konami_shop_tool_QA_reg.java:793)
at sun.reflect.NativeMethodAccessorImpl.invoke0(Native Method)
at sun.reflect.NativeMethodAccessorImpl.invoke(Unknown Source)
at sun.reflect.DelegatingMethodAccessorImpl.invoke(Unknown Source)
at java.lang.reflect.Method.invoke(Unknown Source)
at org.testng.internal.MethodInvocationHelper.invokeMethod(MethodInvocationHelper.java:124)
at org.testng.internal.Invoker.invokeMethod(Invoker.java:583)
at org.testng.internal.Invoker.invokeTestMethod(Invoker.java:719)
at org.testng.internal.Invoker.invokeTestMethods(Invoker.java:989)
at org.testng.internal.TestMethodWorker.invokeTestMethods(TestMethodWorker.java:125)
at org.testng.internal.TestMethodWorker.run(TestMethodWorker.java:109)
at org.testng.TestRunner.privateRun(TestRunner.java:648)
at org.testng.TestRunner.run(TestRunner.java:505)
at org.testng.SuiteRunner.runTest(SuiteRunner.java:455)
at org.testng.SuiteRunner.runSequentially(SuiteRunner.java:450)
at org.testng.SuiteRunner.privateRun(SuiteRunner.java:415)
at org.testng.SuiteRunner.run(SuiteRunner.java:364)
at org.testng.SuiteRunnerWorker.runSuite(SuiteRunnerWorker.java:52)
at org.testng.SuiteRunnerWorker.run(SuiteRunnerWorker.java:84)
at org.testng.TestNG.runSuitesSequentially(TestNG.java:1208)
at org.testng.TestNG.runSuitesLocally(TestNG.java:1137)
at org.testng.TestNG.runSuites(TestNG.java:1049)
at org.testng.TestNG.run(TestNG.java:1017)
at org.testng.remote.AbstractRemoteTestNG.run(AbstractRemoteTestNG.java:115)
at org.testng.remote.RemoteTestNG.initAndRun(RemoteTestNG.java:251)
at org.testng.remote.RemoteTestNG.main(RemoteTestNG.java:77)
Caused by: org.openqa.selenium.NoSuchElementException: no such element: Unable to locate element: {"method":"xpath","selector":"//button[@class='mat-raised-button']//span[contains(text(),'Save 1Shop Event')]"}
  (Session info: chrome=72.0.3626.121)
  (Driver info: chromedriver=2.43.600210 (68dcf5eebde37173d4027fa8635e332711d2874a),platform=Windows NT 10.0.17134 x86_64) (WARNING: The server did not provide any stacktrace information)
Command duration or timeout: 0 milliseconds
For documentation on this error, please visit: https://www.seleniumhq.org/exceptions/no_such_element.html
Build info: version: '3.141.59', revision: 'e82be7d358', time: '2018-11-14T08:25:48'
System info: host: 'RYANW2-5810', ip: '10.0.75.1', os.name: 'Windows 10', os.arch: 'amd64', os.version: '10.0', java.version: '1.8.0_191'
Driver info: org.openqa.selenium.chrome.ChromeDriver
Capabilities {acceptInsecureCerts: false, acceptSslCerts: false, applicationCacheEnabled: false, browserConnectionEnabled: false, browserName: chrome, chrome: {chromedriverVersion: 2.43.600210 (68dcf5eebde371..., userDataDir: C:\Users\RYAN~1.WAH\AppData...}, cssSelectorsEnabled: true, databaseEnabled: false, goog:chromeOptions: {debuggerAddress: localhost:60641}, handlesAlerts: true, hasTouchScreen: false, javascriptEnabled: true, locationContextEnabled: true, mobileEmulationEnabled: false, nativeEvents: true, networkConnectionEnabled: false, pageLoadStrategy: normal, platform: XP, platformName: XP, rotatable: false, setWindowRect: true, takesHeapSnapshot: true, takesScreenshot: true, unexpectedAlertBehaviour: , unhandledPromptBehavior: , version: 72.0.3626.121, webStorageEnabled: true}
Session ID: bffe93ad39d13f498bf699276e581638
*** Element info: {Using=xpath, value=//button[@class='mat-raised-button']//span[contains(text(),'Save 1Shop Event')]}
at sun.reflect.GeneratedConstructorAccessor14.newInstance(Unknown Source)
at sun.reflect.DelegatingConstructorAccessorImpl.newInstance(Unknown Source)
at java.lang.reflect.Constructor.newInstance(Unknown Source)
at org.openqa.selenium.remote.ErrorHandler.createThrowable(ErrorHandler.java:214)
at org.openqa.selenium.remote.ErrorHandler.throwIfResponseFailed(ErrorHandler.java:166)
at org.openqa.selenium.remote.http.JsonHttpResponseCodec.reconstructValue(JsonHttpResponseCodec.java:40)
at org.openqa.selenium.remote.http.AbstractHttpResponseCodec.decode(AbstractHttpResponseCodec.java:80)
at org.openqa.selenium.remote.http.AbstractHttpResponseCodec.decode(AbstractHttpResponseCodec.java:44)
at org.openqa.selenium.remote.HttpCommandExecutor.execute(HttpCommandExecutor.java:158)
at org.openqa.selenium.remote.service.DriverCommandExecutor.execute(DriverCommandExecutor.java:83)
at org.openqa.selenium.remote.RemoteWebDriver.execute(RemoteWebDriver.java:552)
at org.openqa.selenium.remote.RemoteWebDriver.findElement(RemoteWebDriver.java:323)
at org.openqa.selenium.remote.RemoteWebDriver.findElementByXPath(RemoteWebDriver.java:428)
at org.openqa.selenium.By$ByXPath.findElement(By.java:353)
at org.openqa.selenium.remote.RemoteWebDriver.findElement(RemoteWebDriver.java:315)
at org.openqa.selenium.support.ui.ExpectedConditions$7.apply(ExpectedConditions.java:205)
at org.openqa.selenium.support.ui.ExpectedConditions$7.apply(ExpectedConditions.java:201)
at org.openqa.selenium.support.ui.FluentWait.until(FluentWait.java:249)
... 26 more
]]>
            </full-stacktrace>
          </exception> <!-- org.openqa.selenium.TimeoutException -->
          <reporter-output>
          </reporter-output>
        </test-method> <!-- Saving_Edited_Event -->
        <test-method status="PASS" signature="dlConfig()[pri:13, instance:shop_tool_regression_qa.Konami_shop_tool_QA_reg@29ee9faa]" name="dlConfig" duration-ms="70" started-at="2019-03-08T16:29:39Z" finished-at="2019-03-08T16:29:39Z">
          <reporter-output>
          </reporter-output>
        </test-method> <!-- dlConfig -->
      </class> <!-- shop_tool_regression_qa.Konami_shop_tool_QA_reg -->
    </test> <!-- Default test -->
  </suite> <!-- Default suite -->
</testng-results>
